Running fully dynamic reconciliation logic...
ERROR: MISFILED Invoice INV-021 stamped with study VTX-330-201 but amounts/payer match study MRD-204-017
ERROR: MISFILED Invoice INV-021 stamped with study VTX-330-201 but amounts/payer match study MRD-204-017
{'type': 'credit', 'date': datetime.datetime(2026, 1, 15, 0, 0), 'amt': 685.4, 'dep': {'transaction_id': 'PL-N2', 'study_key': 'study-02-ascend', 'amount': 685.4, 'date': '2026-01-15', 'remittance_ref': None, 'remittance_id': None, 'remittance_lines': []}}
ERROR: MISFILED Invoice INV-021 stamped with study VTX-330-201 but amounts/payer match study MRD-204-017
ERROR: MISFILED Invoice INV-021 stamped with study VTX-330-201 but amounts/payer match study MRD-204-017
HERER ['RT-S-12-001-0']
HERER ['RT-S-12-003-2']
HERER ['RT-S-12-003-3']
HERER ['RT-S-12-004-4']
HERER ['RT-S-12-002-1']
HERER ['RT-S-12-005-5']
HERER ['RT-S-12-009-6']
HERER ['RT-S-12-010-7']
HERER ['RT-S-12-012-8']
HERER ['RT-S-12-013-9']
HERER ['RT-S-12-013-10']
HERER ['RT-S-12-013-11']
HERER ['RT-S-12-017-12']
HERER ['RT-S-12-018-13']
HERER ['RT-S-12-021-14']
ERROR: MISFILED Invoice INV-021 stamped with study VTX-330-201 but amounts/payer match study MRD-204-017
ERROR: MISFILED Invoice INV-021 stamped with study VTX-330-201 but amounts/payer match study MRD-204-017
HERER ['CC-S-03-001-0']
HERER ['CC-S-03-001-1']
HERER ['CC-S-03-002-2']
HERER ['CC-S-03-002-3']
Reconciliation complete
